[debug] [2020-04-27T15:07:10.878Z] ----------------------------------------------------------------------
[debug] [2020-04-27T15:07:10.881Z] Command:       C:\Program Files\nodejs\node.exe C:\Users\tayya\AppData\Roaming\npm\node_modules\firebase-tools\lib\bin\firebase.js init
[debug] [2020-04-27T15:07:10.881Z] CLI Version:   7.13.1
[debug] [2020-04-27T15:07:10.881Z] Platform:      win32
[debug] [2020-04-27T15:07:10.881Z] Node Version:  v12.16.1
[debug] [2020-04-27T15:07:10.882Z] Time:          Mon Apr 27 2020 16:07:10 GMT+0100 (British Summer Time)
[debug] [2020-04-27T15:07:10.882Z] ----------------------------------------------------------------------
[debug] [2020-04-27T15:07:10.882Z] 
[debug] [2020-04-27T15:07:10.893Z] > command requires scopes: ["email","openid","https://www.googleapis.com/auth/cloudplatformprojects.readonly","https://www.googleapis.com/auth/firebase","https://www.googleapis.com/auth/cloud-platform"]
[debug] [2020-04-27T15:07:10.893Z] > authorizing via signed-in user
[info] 
     ######## #### ########  ######## ########     ###     ######  ########
     ##        ##  ##     ## ##       ##     ##  ##   ##  ##       ##
     ######    ##  ########  ######   ########  #########  ######  ######
     ##        ##  ##    ##  ##       ##     ## ##     ##       ## ##
     ##       #### ##     ## ######## ########  ##     ##  ######  ########

You're about to initialize a Firebase project in this directory:

  C:\Users\tayya\Desktop\Challenges\p2

[info] 
=== Project Setup
[info] 
[info] First, let's associate this project directory with a Firebase project.
[info] You can create multiple project aliases by running firebase use --add, 
[info] but for now we'll just set up a default project.
[info] 
[info] i  If you want to create a project in a Google Cloud organization or folder, please use "firebase projects:create" instead, and return to this command when you've created the project.
[debug] [2020-04-27T15:07:30.126Z] > refreshing access token with scopes: ["email","https://www.googleapis.com/auth/cloud-platform","https://www.googleapis.com/auth/cloudplatformprojects.readonly","https://www.googleapis.com/auth/firebase","openid"]
[debug] [2020-04-27T15:07:30.127Z] >>> HTTP REQUEST POST https://www.googleapis.com/oauth2/v3/token  
 <request body omitted>
[debug] [2020-04-27T15:07:30.350Z] <<< HTTP RESPONSE 400
[debug] [2020-04-27T15:07:30.351Z] >>> HTTP REQUEST POST https://cloudresourcemanager.googleapis.com/v1/projects  

[debug] [2020-04-27T15:07:31.192Z] <<< HTTP RESPONSE 401
[debug] [2020-04-27T15:07:31.192Z] <<< HTTP RESPONSE BODY
[debug] [2020-04-27T15:07:31.192Z] HTTP Error: 401, Request had invalid authentication credentials. Expected OAuth 2 access token, login cookie or other valid authentication credential. See https://developers.google.com/identity/sign-in/web/devconsole-project.
[debug] [2020-04-27T15:07:31.196Z] FirebaseError: HTTP Error: 401, Request had invalid authentication credentials. Expected OAuth 2 access token, login cookie or other valid authentication credential. See https://developers.google.com/identity/sign-in/web/devconsole-project.
    at module.exports (C:\Users\tayya\AppData\Roaming\npm\node_modules\firebase-tools\lib\responseToError.js:38:12)
    at Request._callback (C:\Users\tayya\AppData\Roaming\npm\node_modules\firebase-tools\lib\api.js:39:35)
    at Request.self.callback (C:\Users\tayya\AppData\Roaming\npm\node_modules\firebase-tools\node_modules\request\request.js:185:22)
    at Request.emit (events.js:311:20)
    at Request.EventEmitter.emit (domain.js:482:12)
    at Request.<anonymous> (C:\Users\tayya\AppData\Roaming\npm\node_modules\firebase-tools\node_modules\request\request.js:1154:10)
    at Request.emit (events.js:311:20)
    at Request.EventEmitter.emit (domain.js:482:12)
    at IncomingMessage.<anonymous> (C:\Users\tayya\AppData\Roaming\npm\node_modules\firebase-tools\node_modules\request\request.js:1076:12)
    at Object.onceWrapper (events.js:417:28)
    at IncomingMessage.emit (events.js:323:22)
    at IncomingMessage.EventEmitter.emit (domain.js:482:12)
    at endReadableNT (_stream_readable.js:1204:12)
    at processTicksAndRejections (internal/process/task_queues.js:84:21)
[error] 
[error] Error: Failed to create Google Cloud project. See firebase-debug.log for more info.
